  Interface.c
D:\IPCA\TrabalhoPratico_EDA\TrabalhoPratico_EDA\TrabalhoPratico_EDA\Interface.c(33,36): warning C4090: '=': different 'const' qualifiers
D:\IPCA\TrabalhoPratico_EDA\TrabalhoPratico_EDA\TrabalhoPratico_EDA\Interface.c(34,27): warning C4267: '=': conversion from 'size_t' to 'int', possible loss of data
D:\IPCA\TrabalhoPratico_EDA\TrabalhoPratico_EDA\TrabalhoPratico_EDA\Interface.c(41,35): warning C4090: '=': different 'const' qualifiers
D:\IPCA\TrabalhoPratico_EDA\TrabalhoPratico_EDA\TrabalhoPratico_EDA\Interface.c(42,27): warning C4267: '=': conversion from 'size_t' to 'int', possible loss of data
D:\IPCA\TrabalhoPratico_EDA\TrabalhoPratico_EDA\TrabalhoPratico_EDA\Interface.c(49,41): warning C4090: '=': different 'const' qualifiers
D:\IPCA\TrabalhoPratico_EDA\TrabalhoPratico_EDA\TrabalhoPratico_EDA\Interface.c(50,27): warning C4267: '=': conversion from 'size_t' to 'int', possible loss of data
D:\IPCA\TrabalhoPratico_EDA\TrabalhoPratico_EDA\TrabalhoPratico_EDA\Interface.c(57,39): warning C4090: '=': different 'const' qualifiers
D:\IPCA\TrabalhoPratico_EDA\TrabalhoPratico_EDA\TrabalhoPratico_EDA\Interface.c(58,27): warning C4267: '=': conversion from 'size_t' to 'int', possible loss of data
D:\IPCA\TrabalhoPratico_EDA\TrabalhoPratico_EDA\TrabalhoPratico_EDA\Interface.c(66,36): warning C4090: '=': different 'const' qualifiers
D:\IPCA\TrabalhoPratico_EDA\TrabalhoPratico_EDA\TrabalhoPratico_EDA\Interface.c(67,27): warning C4267: '=': conversion from 'size_t' to 'int', possible loss of data
D:\IPCA\TrabalhoPratico_EDA\TrabalhoPratico_EDA\TrabalhoPratico_EDA\Interface.c(75,36): warning C4090: '=': different 'const' qualifiers
D:\IPCA\TrabalhoPratico_EDA\TrabalhoPratico_EDA\TrabalhoPratico_EDA\Interface.c(76,27): warning C4267: '=': conversion from 'size_t' to 'int', possible loss of data
D:\IPCA\TrabalhoPratico_EDA\TrabalhoPratico_EDA\TrabalhoPratico_EDA\Interface.c(83,44): warning C4090: '=': different 'const' qualifiers
D:\IPCA\TrabalhoPratico_EDA\TrabalhoPratico_EDA\TrabalhoPratico_EDA\Interface.c(84,27): warning C4267: '=': conversion from 'size_t' to 'int', possible loss of data
  JobsChangeParticularJob.c
D:\IPCA\TrabalhoPratico_EDA\TrabalhoPratico_EDA\TrabalhoPratico_EDA\JobsChangeParticularJob.c(10,6): warning C4101: 'IN_DataChange': unreferenced local variable
  JobsInsertNewJob.c
  JobsOptionFromUser.c
  JobsMain.c
  JobsRemoveJob.c
D:\IPCA\TrabalhoPratico_EDA\TrabalhoPratico_EDA\TrabalhoPratico_EDA\JobsRemoveJob.c(6,61): warning C4047: 'function': 'BOOL' differs in levels of indirection from 'ST_Operation *'
D:\IPCA\TrabalhoPratico_EDA\TrabalhoPratico_EDA\TrabalhoPratico_EDA\JobsRemoveJob.c(6,37): warning C4024: 'ShowAllProgram': different types for formal and actual parameter 2
D:\IPCA\TrabalhoPratico_EDA\TrabalhoPratico_EDA\TrabalhoPratico_EDA\JobsRemoveJob.c(6,63): warning C4020: 'ShowAllProgram': too many actual parameters
D:\IPCA\TrabalhoPratico_EDA\TrabalhoPratico_EDA\TrabalhoPratico_EDA\JobsRemoveJob.c(65,69): warning C4474: 'printf' : too many arguments passed for format string
D:\IPCA\TrabalhoPratico_EDA\TrabalhoPratico_EDA\TrabalhoPratico_EDA\JobsRemoveJob.c(65,69): message : placeholders and their parameters expect 0 variadic arguments, but 1 were provided
  OperationChangeParticularOperation.c
D:\IPCA\TrabalhoPratico_EDA\TrabalhoPratico_EDA\TrabalhoPratico_EDA\OperationChangeParticularOperation.c(10,6): warning C4101: 'IN_DataChange': unreferenced local variable
  OperationInsertNewOperation.c
D:\IPCA\TrabalhoPratico_EDA\TrabalhoPratico_EDA\TrabalhoPratico_EDA\OperationInsertNewOperation.c(47,178): warning C4133: '=': incompatible types - from 'ST_Operation *' to 'ST_Jobs *'
D:\IPCA\TrabalhoPratico_EDA\TrabalhoPratico_EDA\TrabalhoPratico_EDA\OperationInsertNewOperation.c(116,26): warning C4133: 'return': incompatible types - from 'ST_Jobs *' to 'ST_Operation *'
  OperationMain.c
  OperationMenu.c
D:\IPCA\TrabalhoPratico_EDA\TrabalhoPratico_EDA\TrabalhoPratico_EDA\OperationMenu.c(34,47): warning C4090: '=': different 'const' qualifiers
D:\IPCA\TrabalhoPratico_EDA\TrabalhoPratico_EDA\TrabalhoPratico_EDA\OperationMenu.c(35,28): warning C4267: '=': conversion from 'size_t' to 'int', possible loss of data
D:\IPCA\TrabalhoPratico_EDA\TrabalhoPratico_EDA\TrabalhoPratico_EDA\OperationMenu.c(42,36): warning C4090: '=': different 'const' qualifiers
D:\IPCA\TrabalhoPratico_EDA\TrabalhoPratico_EDA\TrabalhoPratico_EDA\OperationMenu.c(43,28): warning C4267: '=': conversion from 'size_t' to 'int', possible loss of data
D:\IPCA\TrabalhoPratico_EDA\TrabalhoPratico_EDA\TrabalhoPratico_EDA\OperationMenu.c(50,36): warning C4090: '=': different 'const' qualifiers
D:\IPCA\TrabalhoPratico_EDA\TrabalhoPratico_EDA\TrabalhoPratico_EDA\OperationMenu.c(51,28): warning C4267: '=': conversion from 'size_t' to 'int', possible loss of data
D:\IPCA\TrabalhoPratico_EDA\TrabalhoPratico_EDA\TrabalhoPratico_EDA\OperationMenu.c(58,36): warning C4090: '=': different 'const' qualifiers
D:\IPCA\TrabalhoPratico_EDA\TrabalhoPratico_EDA\TrabalhoPratico_EDA\OperationMenu.c(59,28): warning C4267: '=': conversion from 'size_t' to 'int', possible loss of data
D:\IPCA\TrabalhoPratico_EDA\TrabalhoPratico_EDA\TrabalhoPratico_EDA\OperationMenu.c(66,36): warning C4090: '=': different 'const' qualifiers
D:\IPCA\TrabalhoPratico_EDA\TrabalhoPratico_EDA\TrabalhoPratico_EDA\OperationMenu.c(67,28): warning C4267: '=': conversion from 'size_t' to 'int', possible loss of data
D:\IPCA\TrabalhoPratico_EDA\TrabalhoPratico_EDA\TrabalhoPratico_EDA\OperationMenu.c(74,38): warning C4090: '=': different 'const' qualifiers
D:\IPCA\TrabalhoPratico_EDA\TrabalhoPratico_EDA\TrabalhoPratico_EDA\OperationMenu.c(75,28): warning C4267: '=': conversion from 'size_t' to 'int', possible loss of data
D:\IPCA\TrabalhoPratico_EDA\TrabalhoPratico_EDA\TrabalhoPratico_EDA\OperationMenu.c(82,45): warning C4090: '=': different 'const' qualifiers
D:\IPCA\TrabalhoPratico_EDA\TrabalhoPratico_EDA\TrabalhoPratico_EDA\OperationMenu.c(83,28): warning C4267: '=': conversion from 'size_t' to 'int', possible loss of data
  MachinesMenu.c
D:\IPCA\TrabalhoPratico_EDA\TrabalhoPratico_EDA\TrabalhoPratico_EDA\MachinesMenu.c(34,41): warning C4090: '=': different 'const' qualifiers
D:\IPCA\TrabalhoPratico_EDA\TrabalhoPratico_EDA\TrabalhoPratico_EDA\MachinesMenu.c(35,28): warning C4267: '=': conversion from 'size_t' to 'int', possible loss of data
D:\IPCA\TrabalhoPratico_EDA\TrabalhoPratico_EDA\TrabalhoPratico_EDA\MachinesMenu.c(42,36): warning C4090: '=': different 'const' qualifiers
D:\IPCA\TrabalhoPratico_EDA\TrabalhoPratico_EDA\TrabalhoPratico_EDA\MachinesMenu.c(43,28): warning C4267: '=': conversion from 'size_t' to 'int', possible loss of data
D:\IPCA\TrabalhoPratico_EDA\TrabalhoPratico_EDA\TrabalhoPratico_EDA\MachinesMenu.c(50,36): warning C4090: '=': different 'const' qualifiers
D:\IPCA\TrabalhoPratico_EDA\TrabalhoPratico_EDA\TrabalhoPratico_EDA\MachinesMenu.c(51,28): warning C4267: '=': conversion from 'size_t' to 'int', possible loss of data
D:\IPCA\TrabalhoPratico_EDA\TrabalhoPratico_EDA\TrabalhoPratico_EDA\MachinesMenu.c(58,36): warning C4090: '=': different 'const' qualifiers
D:\IPCA\TrabalhoPratico_EDA\TrabalhoPratico_EDA\TrabalhoPratico_EDA\MachinesMenu.c(59,28): warning C4267: '=': conversion from 'size_t' to 'int', possible loss of data
D:\IPCA\TrabalhoPratico_EDA\TrabalhoPratico_EDA\TrabalhoPratico_EDA\MachinesMenu.c(66,36): warning C4090: '=': different 'const' qualifiers
D:\IPCA\TrabalhoPratico_EDA\TrabalhoPratico_EDA\TrabalhoPratico_EDA\MachinesMenu.c(67,28): warning C4267: '=': conversion from 'size_t' to 'int', possible loss of data
D:\IPCA\TrabalhoPratico_EDA\TrabalhoPratico_EDA\TrabalhoPratico_EDA\MachinesMenu.c(74,38): warning C4090: '=': different 'const' qualifiers
D:\IPCA\TrabalhoPratico_EDA\TrabalhoPratico_EDA\TrabalhoPratico_EDA\MachinesMenu.c(75,28): warning C4267: '=': conversion from 'size_t' to 'int', possible loss of data
D:\IPCA\TrabalhoPratico_EDA\TrabalhoPratico_EDA\TrabalhoPratico_EDA\MachinesMenu.c(82,45): warning C4090: '=': different 'const' qualifiers
D:\IPCA\TrabalhoPratico_EDA\TrabalhoPratico_EDA\TrabalhoPratico_EDA\MachinesMenu.c(83,28): warning C4267: '=': conversion from 'size_t' to 'int', possible loss of data
  JobsMenu.c
D:\IPCA\TrabalhoPratico_EDA\TrabalhoPratico_EDA\TrabalhoPratico_EDA\JobsMenu.c(36,40): warning C4090: '=': different 'const' qualifiers
D:\IPCA\TrabalhoPratico_EDA\TrabalhoPratico_EDA\TrabalhoPratico_EDA\JobsMenu.c(37,27): warning C4267: '=': conversion from 'size_t' to 'int', possible loss of data
D:\IPCA\TrabalhoPratico_EDA\TrabalhoPratico_EDA\TrabalhoPratico_EDA\JobsMenu.c(44,35): warning C4090: '=': different 'const' qualifiers
D:\IPCA\TrabalhoPratico_EDA\TrabalhoPratico_EDA\TrabalhoPratico_EDA\JobsMenu.c(45,27): warning C4267: '=': conversion from 'size_t' to 'int', possible loss of data
D:\IPCA\TrabalhoPratico_EDA\TrabalhoPratico_EDA\TrabalhoPratico_EDA\JobsMenu.c(52,35): warning C4090: '=': different 'const' qualifiers
D:\IPCA\TrabalhoPratico_EDA\TrabalhoPratico_EDA\TrabalhoPratico_EDA\JobsMenu.c(53,27): warning C4267: '=': conversion from 'size_t' to 'int', possible loss of data
D:\IPCA\TrabalhoPratico_EDA\TrabalhoPratico_EDA\TrabalhoPratico_EDA\JobsMenu.c(60,35): warning C4090: '=': different 'const' qualifiers
D:\IPCA\TrabalhoPratico_EDA\TrabalhoPratico_EDA\TrabalhoPratico_EDA\JobsMenu.c(61,27): warning C4267: '=': conversion from 'size_t' to 'int', possible loss of data
D:\IPCA\TrabalhoPratico_EDA\TrabalhoPratico_EDA\TrabalhoPratico_EDA\JobsMenu.c(68,35): warning C4090: '=': different 'const' qualifiers
D:\IPCA\TrabalhoPratico_EDA\TrabalhoPratico_EDA\TrabalhoPratico_EDA\JobsMenu.c(69,27): warning C4267: '=': conversion from 'size_t' to 'int', possible loss of data
D:\IPCA\TrabalhoPratico_EDA\TrabalhoPratico_EDA\TrabalhoPratico_EDA\JobsMenu.c(76,37): warning C4090: '=': different 'const' qualifiers
D:\IPCA\TrabalhoPratico_EDA\TrabalhoPratico_EDA\TrabalhoPratico_EDA\JobsMenu.c(77,27): warning C4267: '=': conversion from 'size_t' to 'int', possible loss of data
D:\IPCA\TrabalhoPratico_EDA\TrabalhoPratico_EDA\TrabalhoPratico_EDA\JobsMenu.c(84,44): warning C4090: '=': different 'const' qualifiers
D:\IPCA\TrabalhoPratico_EDA\TrabalhoPratico_EDA\TrabalhoPratico_EDA\JobsMenu.c(85,27): warning C4267: '=': conversion from 'size_t' to 'int', possible loss of data
  OperationOptionFromUser.c
  OperationRemoveOperation.c
D:\IPCA\TrabalhoPratico_EDA\TrabalhoPratico_EDA\TrabalhoPratico_EDA\OperationRemoveOperation.c(65,69): warning C4474: 'printf' : too many arguments passed for format string
D:\IPCA\TrabalhoPratico_EDA\TrabalhoPratico_EDA\TrabalhoPratico_EDA\OperationRemoveOperation.c(65,69): message : placeholders and their parameters expect 0 variadic arguments, but 1 were provided
  OptionFromUser.c
D:\IPCA\TrabalhoPratico_EDA\TrabalhoPratico_EDA\TrabalhoPratico_EDA\OptionFromUser.c(9,27): warning C4047: 'return': 'int' differs in levels of indirection from 'int *'
D:\IPCA\TrabalhoPratico_EDA\TrabalhoPratico_EDA\TrabalhoPratico_EDA\OptionFromUser.c(44,28): warning C4047: '=': 'int *' differs in levels of indirection from 'int'
  ShowAllOperation.c
  Main.c
  Generating Code...
D:\IPCA\TrabalhoPratico_EDA\TrabalhoPratico_EDA\TrabalhoPratico_EDA\MachinesMenu.c(92): warning C4716: 'WriteMachinesMenuInCenter': must return a value
D:\IPCA\TrabalhoPratico_EDA\TrabalhoPratico_EDA\TrabalhoPratico_EDA\OperationInsertNewOperation.c(118): warning C4715: 'InsertNewOperationToList': not all control paths return a value
  TrabalhoPratico_EDA.vcxproj -> D:\IPCA\TrabalhoPratico_EDA\TrabalhoPratico_EDA\x64\Debug\TrabalhoPratico_EDA.exe
