d:\ipca\eim\trabalhopratico_eda\trabalhopratico_eda\trabalhopratico_eda\debug\vc142.pdb
d:\ipca\eim\trabalhopratico_eda\trabalhopratico_eda\trabalhopratico_eda\debug\vc142.idb
d:\ipca\eim\trabalhopratico_eda\trabalhopratico_eda\trabalhopratico_eda\debug\source_code.obj
d:\ipca\eim\trabalhopratico_eda\trabalhopratico_eda\debug\trabalhopratico_eda.exe
d:\ipca\eim\trabalhopratico_eda\trabalhopratico_eda\trabalhopratico_eda\debug\trabalhopratico_eda.ilk
d:\ipca\eim\trabalhopratico_eda\trabalhopratico_eda\debug\trabalhopratico_eda.pdb
d:\ipca\eim\trabalhopratico_eda\trabalhopratico_eda\trabalhopratico_eda\debug\insertnewoperation.obj
d:\ipca\eim\trabalhopratico_eda\trabalhopratico_eda\trabalhopratico_eda\debug\menu.obj
d:\ipca\eim\trabalhopratico_eda\trabalhopratico_eda\trabalhopratico_eda\debug\optionfromuser.obj
d:\ipca\eim\trabalhopratico_eda\trabalhopratico_eda\trabalhopratico_eda\debug\showalloperations.obj
d:\ipca\eim\trabalhopratico_eda\trabalhopratico_eda\trabalhopratico_eda\debug\writeandloadfromfile.obj
d:\ipca\eim\trabalhopratico_eda\trabalhopratico_eda\trabalhopratico_eda\debug\menu.obj.enc
d:\ipca\eim\trabalhopratico_eda\trabalhopratico_eda\trabalhopratico_eda\debug\source_code.obj.enc
d:\ipca\eim\trabalhopratico_eda\trabalhopratico_eda\trabalhopratico_eda\debug\writeandloadfromfile.obj.enc
d:\ipca\eim\trabalhopratico_eda\trabalhopratico_eda\trabalhopratico_eda\debug\trabalho.4191befa.tlog\cl.command.1.tlog
d:\ipca\eim\trabalhopratico_eda\trabalhopratico_eda\trabalhopratico_eda\debug\trabalho.4191befa.tlog\cl.read.1.tlog
d:\ipca\eim\trabalhopratico_eda\trabalhopratico_eda\trabalhopratico_eda\debug\trabalho.4191befa.tlog\cl.write.1.tlog
d:\ipca\eim\trabalhopratico_eda\trabalhopratico_eda\trabalhopratico_eda\debug\trabalho.4191befa.tlog\link.command.1.tlog
d:\ipca\eim\trabalhopratico_eda\trabalhopratico_eda\trabalhopratico_eda\debug\trabalho.4191befa.tlog\link.read.1.tlog
d:\ipca\eim\trabalhopratico_eda\trabalhopratico_eda\trabalhopratico_eda\debug\trabalho.4191befa.tlog\link.write.1.tlog
